[preview.colorlib.com/theme/boxe/index.html]
[backblue.gif]
[fade.gif]
[index.html]
[preview.colorlib.com/theme/boxe/img/xfavicon.png.pagespeed.ic.4ol6gLfWzM.png]
[preview.colorlib.com/theme/boxe/css/bootstrap.min.css+animate.css+owl.carousel.min.css+themify-icons.css+flaticon.css+slick.css+nice-select.css+all.css+intlInputPhone.min.css.pagespeed.cc.WNqLfgNLMY.css]
[preview.colorlib.com/theme/boxe/css/style.css]
[preview.colorlib.com/theme/boxe/img/logo.png]
[preview.colorlib.com/theme/boxe/about.html]
[preview.colorlib.com/theme/boxe/service.html]
[preview.colorlib.com/theme/boxe/delivery.html]
[preview.colorlib.com/theme/boxe/blog.html]
[preview.colorlib.com/theme/boxe/single-blog.html]
[preview.colorlib.com/theme/boxe/elements.html]
[preview.colorlib.com/theme/boxe/contact.html]
[preview.colorlib.com/theme/boxe/img/icon/right-arrow.svg]
[preview.colorlib.com/theme/boxe/img/about_2.png]
[preview.colorlib.com/theme/boxe/img/icon/service_1.svg]
[preview.colorlib.com/theme/boxe/img/icon/service_2.svg]
[preview.colorlib.com/theme/boxe/img/icon/service_3.svg]
[preview.colorlib.com/theme/boxe/img/icon/service_4.svg]
[preview.colorlib.com/theme/boxe/img/icon/process_1.svg]
[preview.colorlib.com/theme/boxe/img/icon/process_2.svg]
[preview.colorlib.com/theme/boxe/img/icon/process_3.svg]
[preview.colorlib.com/theme/boxe/img/icon/process_4.svg]
[preview.colorlib.com/theme/boxe/img/deliveries/deliveries_1.png]
[preview.colorlib.com/theme/boxe/img/deliveries_img.png]
[preview.colorlib.com/theme/boxe/img/deliveries/deliveries_2.png]
[preview.colorlib.com/theme/boxe/img/deliveries/deliveries_3.png]
[preview.colorlib.com/theme/boxe/img/blog/blog_1.png]
[preview.colorlib.com/theme/boxe/img/footer-logo.png]
[preview.colorlib.com/theme/boxe/img/footer_img/footer_img_1.png]
[preview.colorlib.com/theme/boxe/img/footer_img/footer_img_2.png]
[preview.colorlib.com/theme/boxe/img/footer_img/footer_img_3.png]
[preview.colorlib.com/theme/boxe/img/footer_img/footer_img_4.png]
[preview.colorlib.com/theme/boxe/img/footer_img/footer_img_5.png]
[preview.colorlib.com/theme/boxe/img/footer_img/footer_img_6.png]
[preview.colorlib.com/theme/boxe/js/jquery-1.12.1.min.js]
[preview.colorlib.com/theme/boxe/js/popper.min.js+bootstrap.min.js.pagespeed.jc.LKWtDHPWPS.js]
[preview.colorlib.com/theme/boxe/js/jquery.magnific-popup.js+masonry.pkgd.js.pagespeed.jc.7pgdBQf2rE.js]
[preview.colorlib.com/theme/boxe/js/owl.carousel.min.js]
[preview.colorlib.com/theme/boxe/js/gijgo.min.js]
[preview.colorlib.com/theme/boxe/js/jquery.nice-select.min.js]
[preview.colorlib.com/theme/boxe/js/intlInputPhone.min.js]
[preview.colorlib.com/theme/boxe/index.html]
[preview.colorlib.com/theme/boxe/js/jquery.ajaxchimp.min.js+jquery.form.js+jquery.validate.min.js+mail-script.js+contact.js+custom.js.pagespeed.jc.gluAe1vgNY.js]
[preview.colorlib.com/theme/boxe/css/owl.video.play.png]
[preview.colorlib.com/theme/boxe/fonts/themify9f24.eot]
[preview.colorlib.com/theme/boxe/fonts/themifyd41d.eot]
[preview.colorlib.com/theme/boxe/fonts/themify9f24.woff]
[preview.colorlib.com/theme/boxe/fonts/themify9f24.ttf]
[preview.colorlib.com/theme/boxe/fonts/themify9f24.svg]
[preview.colorlib.com/theme/boxe/fonts/Flaticon.eot]
[preview.colorlib.com/theme/boxe/fonts/Flaticond41d.eot]
[preview.colorlib.com/theme/boxe/fonts/Flaticon.woff2]
[preview.colorlib.com/theme/boxe/fonts/Flaticon.woff]
[preview.colorlib.com/theme/boxe/fonts/Flaticon.ttf]
[preview.colorlib.com/theme/boxe/fonts/Flaticon.svg]
[preview.colorlib.com/theme/boxe/webfonts/fa-brands-400.eot]
[preview.colorlib.com/theme/boxe/webfonts/fa-brands-400d41d.eot]
[preview.colorlib.com/theme/boxe/webfonts/fa-brands-400.woff2]
[preview.colorlib.com/theme/boxe/webfonts/fa-brands-400.woff]
[preview.colorlib.com/theme/boxe/webfonts/fa-brands-400.ttf]
[preview.colorlib.com/theme/boxe/webfonts/fa-brands-400.svg]
[preview.colorlib.com/theme/boxe/webfonts/fa-regular-400.eot]
[preview.colorlib.com/theme/boxe/webfonts/fa-regular-400d41d.eot]
[preview.colorlib.com/theme/boxe/webfonts/fa-regular-400.woff2]
[preview.colorlib.com/theme/boxe/webfonts/fa-regular-400.woff]
[preview.colorlib.com/theme/boxe/webfonts/fa-regular-400.ttf]
[preview.colorlib.com/theme/boxe/webfonts/fa-regular-400.svg]
[preview.colorlib.com/theme/boxe/webfonts/fa-solid-900.eot]
[preview.colorlib.com/theme/boxe/webfonts/fa-solid-900d41d.eot]
[preview.colorlib.com/theme/boxe/webfonts/fa-solid-900.woff2]
[preview.colorlib.com/theme/boxe/webfonts/fa-solid-900.woff]
[preview.colorlib.com/theme/boxe/webfonts/fa-solid-900.ttf]
[preview.colorlib.com/theme/boxe/css/bootstrap.min.css+animate.css+owl.carousel.min.css+themify-icons.css+flaticon.css+slick.css+nice-select.css+all.css+intlInputPhone.min.css.pagespeed.cc.WNqLfgNLMY.css]
[preview.colorlib.com/theme/boxe/img/banner_bg.png]
[preview.colorlib.com/theme/boxe/img/cta_bg.png]
[preview.colorlib.com/theme/boxe/webfonts/fa-solid-900.svg]
[preview.colorlib.com/theme/boxe/img/reservation_bg.png]
[preview.colorlib.com/theme/boxe/img/elements/primary-check.png]
[preview.colorlib.com/theme/boxe/img/elements/success-check.png]
[preview.colorlib.com/theme/boxe/img/elements/disabled-check.png]
[preview.colorlib.com/theme/boxe/img/elements/primary-radio.png]
[preview.colorlib.com/theme/boxe/img/elements/success-radio.png]
[preview.colorlib.com/theme/boxe/img/elements/disabled-radio.png]
[preview.colorlib.com/theme/boxe/img/footer_bg.png]
[preview.colorlib.com/theme/boxe/img/breadcrumb.png]
[preview.colorlib.com/theme/boxe/css/style.css]
[preview.colorlib.com/cdn-cgi/zaraz/sd0d9.js]
[preview.colorlib.com/theme/boxe/css/A.style.css.pagespeed.cf.fGTFytXrdz.css]
[preview.colorlib.com/theme/boxe/css/A.bootstrap.min.css+animate.css+owl.carousel.min.css+themify-icons.css+flaticon.css+slick.css+nice-select.css+all.css+intlInputPhone.min.css,Mcc.WNqLfgNLMY.css.pagespeed.cf.mfLXzTYT]
[preview.colorlib.com/theme/boxe/img/xlogo.png.pagespeed.ic.hezPsALrMN.png]
[preview.colorlib.com/theme/boxe/img/xabout_2.png.pagespeed.ic.wY9KRTk4eL.jpg]
[preview.colorlib.com/theme/boxe/img/blog/xblog_1.png.pagespeed.ic.c-Jj6Ey8uo.jpg]
[preview.colorlib.com/theme/boxe/img/client/xclient_1.png.pagespeed.ic.qKVoZCSk0t.jpg]
[preview.colorlib.com/theme/boxe/img/client/xclient_2.png.pagespeed.ic.wmQumt11kE.jpg]
[preview.colorlib.com/theme/boxe/img/client/xclient_3.png.pagespeed.ic._M5CX5SqGk.jpg]
[preview.colorlib.com/theme/boxe/img/xfooter-logo.png.pagespeed.ic.hezPsALrMN.png]
[preview.colorlib.com/theme/boxe/img/footer_img/xfooter_img_1.png.pagespeed.ic.lRUPRdCXGb.jpg]
[preview.colorlib.com/theme/boxe/img/footer_img/xfooter_img_2.png.pagespeed.ic.tN5GHbldtc.jpg]
[preview.colorlib.com/theme/boxe/img/footer_img/xfooter_img_3.png.pagespeed.ic.lkCY-4mFp7.jpg]
[preview.colorlib.com/theme/boxe/img/footer_img/xfooter_img_4.png.pagespeed.ic.34WQgKkgdS.jpg]
[preview.colorlib.com/theme/boxe/img/footer_img/xfooter_img_5.png.pagespeed.ic.ms1o2A4quw.jpg]
[preview.colorlib.com/theme/boxe/img/footer_img/xfooter_img_6.png.pagespeed.ic.HMR4jXW8dW.jpg]
[preview.colorlib.com/theme/boxe/js/jquery.magnific-popup.js]
[preview.colorlib.com/theme/boxe/js/swiper.min.js]
[preview.colorlib.com/theme/boxe/js/masonry.pkgd.js]
[preview.colorlib.com/theme/boxe/about.html]
[preview.colorlib.com/theme/boxe/service.html]
[preview.colorlib.com/theme/boxe/js/owl.carousel.min.js+slick.min.js.pagespeed.jc.56AAQ24On_.js]
[preview.colorlib.com/theme/boxe/img/deliveries/xdeliveries_1.png.pagespeed.ic.tODjPWHEfu.jpg]
[preview.colorlib.com/theme/boxe/img/xdeliveries_img.png.pagespeed.ic.EADKbC3Ya3.png]
[preview.colorlib.com/theme/boxe/img/deliveries/xdeliveries_2.png.pagespeed.ic.VQEt1Q0nTT.jpg]
[preview.colorlib.com/theme/boxe/img/deliveries/xdeliveries_3.png.pagespeed.ic.-ZRhh7DIfY.jpg]
[preview.colorlib.com/theme/boxe/delivery.html]
[preview.colorlib.com/theme/boxe/css/bootstrap.min.css+animate.css+owl.carousel.min.css+themify-icons.css+flaticon.css+slick.css+nice-select.css+all.css.pagespeed.cc.gblux_Qy10.css]
[preview.colorlib.com/theme/boxe/img/blog/single_blog_1.png]
[preview.colorlib.com/theme/boxe/img/blog/single_blog_2.png]
[preview.colorlib.com/theme/boxe/img/blog/single_blog_3.png]
[preview.colorlib.com/theme/boxe/img/blog/single_blog_4.png]
[preview.colorlib.com/theme/boxe/img/blog/single_blog_5.png]
[preview.colorlib.com/theme/boxe/img/post/post_1.png]
[preview.colorlib.com/theme/boxe/img/post/post_2.png]
[preview.colorlib.com/theme/boxe/img/post/post_3.png]
[preview.colorlib.com/theme/boxe/img/post/post_4.png]
[preview.colorlib.com/theme/boxe/img/post/post_5.png]
[preview.colorlib.com/theme/boxe/img/post/post_6.png]
[preview.colorlib.com/theme/boxe/img/post/post_7.png]
[preview.colorlib.com/theme/boxe/img/post/post_8.png]
[preview.colorlib.com/theme/boxe/img/post/post_9.png]
[preview.colorlib.com/theme/boxe/img/post/post_10.png]
[preview.colorlib.com/theme/boxe/js/popper.min.js]
[preview.colorlib.com/theme/boxe/js/bootstrap.min.js]
[preview.colorlib.com/theme/boxe/js/slick.min.js]
[preview.colorlib.com/theme/boxe/js/jquery.ajaxchimp.min.js]
[preview.colorlib.com/theme/boxe/js/jquery.form.js]
[preview.colorlib.com/theme/boxe/js/jquery.validate.min.js]
[preview.colorlib.com/theme/boxe/js/mail-script.js]
[preview.colorlib.com/theme/boxe/js/contact.js]
[preview.colorlib.com/theme/boxe/blog.html]
[preview.colorlib.com/theme/boxe/js/custom.js]
[preview.colorlib.com/theme/boxe/css/A.bootstrap.min.css+animate.css+owl.carousel.min.css+themify-icons.css+flaticon.css+slick.css+nice-select.css+all.css,Mcc.gblux_Qy10.css.pagespeed.cf.47OTYWuWQ7.css]
[preview.colorlib.com/theme/boxe/img/blog/xsingle_blog_1.png.pagespeed.ic.Fwk-gqJS2v.jpg]
[preview.colorlib.com/theme/boxe/img/post/xpreview.png.pagespeed.ic.k5btB9V1Aa.jpg]
[preview.colorlib.com/theme/boxe/img/post/next.png]
[preview.colorlib.com/theme/boxe/img/blog/author.png]
[preview.colorlib.com/theme/boxe/img/comment/comment_1.png]
[preview.colorlib.com/theme/boxe/img/comment/comment_2.png]
[preview.colorlib.com/theme/boxe/img/comment/comment_3.png]
[preview.colorlib.com/theme/boxe/img/post/xpost_1.png.pagespeed.ic.VhSDC65MTC.jpg]
[preview.colorlib.com/theme/boxe/img/post/xpost_2.png.pagespeed.ic.5NDzxSnIUw.jpg]
[preview.colorlib.com/theme/boxe/img/post/xpost_3.png.pagespeed.ic.epUGhxWTdA.jpg]
[preview.colorlib.com/theme/boxe/img/post/xpost_4.png.pagespeed.ic.hgkXn01NWF.jpg]
[preview.colorlib.com/theme/boxe/img/post/xpost_5.png.pagespeed.ic.KAz1jHPYIp.jpg]
[preview.colorlib.com/theme/boxe/img/post/xpost_6.png.pagespeed.ic.e0_C88I_TX.jpg]
[preview.colorlib.com/theme/boxe/img/post/xpost_7.png.pagespeed.ic.w7kS-QUYhS.jpg]
[preview.colorlib.com/theme/boxe/img/post/xpost_8.png.pagespeed.ic.dRhy-1GRb7.jpg]
[preview.colorlib.com/theme/boxe/img/post/xpost_9.png.pagespeed.ic.o025Y97fkm.jpg]
[preview.colorlib.com/theme/boxe/img/post/xpost_10.png.pagespeed.ic.dqMOEHSVKE.jpg]
[preview.colorlib.com/theme/boxe/single-blog.html]
[preview.colorlib.com/theme/boxe/js/jquery.nice-select.min.js+jquery.ajaxchimp.min.js+jquery.form.js+jquery.validate.min.js+mail-script.js+contact.js+custom.js.pagespeed.jc.xgpp-wSFe3.js]
[preview.colorlib.com/theme/boxe/img/elements/d.jpg]
[preview.colorlib.com/theme/boxe/img/elements/f1.jpg]
[preview.colorlib.com/theme/boxe/img/elements/f2.jpg]
[preview.colorlib.com/theme/boxe/img/elements/f3.jpg]
[preview.colorlib.com/theme/boxe/img/elements/f4.jpg]
[preview.colorlib.com/theme/boxe/img/elements/f5.jpg]
[preview.colorlib.com/theme/boxe/img/elements/f6.jpg]
[preview.colorlib.com/theme/boxe/img/elements/f7.jpg]
[preview.colorlib.com/theme/boxe/img/elements/f8.jpg]
[preview.colorlib.com/theme/boxe/img/elements/g1.jpg]
[preview.colorlib.com/theme/boxe/img/elements/g2.jpg]
[preview.colorlib.com/theme/boxe/img/elements/g3.jpg]
[preview.colorlib.com/theme/boxe/img/elements/g4.jpg]
[preview.colorlib.com/theme/boxe/img/elements/g5.jpg]
[preview.colorlib.com/theme/boxe/img/elements/g6.jpg]
[preview.colorlib.com/theme/boxe/img/elements/g7.jpg]
[preview.colorlib.com/theme/boxe/img/elements/g8.jpg]
[preview.colorlib.com/theme/boxe/elements.html]
[preview.colorlib.com/theme/boxe/contact.html]
[preview.colorlib.com/theme/boxe/img/icon/right-arrow.svg]
[preview.colorlib.com/theme/boxe/img/icon/service_1.svg]
[preview.colorlib.com/theme/boxe/img/icon/service_2.svg]
[preview.colorlib.com/theme/boxe/img/icon/service_3.svg]
[preview.colorlib.com/theme/boxe/img/icon/service_4.svg]
[preview.colorlib.com/theme/boxe/img/icon/process_1.svg]
[preview.colorlib.com/theme/boxe/img/icon/process_2.svg]
[preview.colorlib.com/theme/boxe/img/icon/process_3.svg]
[preview.colorlib.com/theme/boxe/img/icon/process_4.svg]
[preview.colorlib.com/theme/boxe/css/owl.video.play.html]
[preview.colorlib.com/theme/boxe/fonts/themify9f24.svg]
[preview.colorlib.com/theme/boxe/fonts/Flaticon.html]
[preview.colorlib.com/theme/boxe/webfonts/fa-brands-400.svg]
[preview.colorlib.com/theme/boxe/webfonts/fa-regular-400.svg]
[preview.colorlib.com/cdn-cgi/scripts/5c5dd728/cloudflare-static/email-decode.min.js]
[preview.colorlib.com/theme/boxe/webfonts/fa-solid-900.svg]
[preview.colorlib.com/theme/boxe/css/A.bootstrap.min.css+animate.css+owl.carousel.min.css+themify-icons.css+flaticon.css+slick.css+nice-select.css+all.css+intlInputPhone.min.css,Mcc.WNqLfgNLMY.css.pagespeed.cf.mfLXzTYT]
[preview.colorlib.com/theme/boxe/css/A.style.css.pagespeed.cf.fGTFytXrdz.css]
[preview.colorlib.com/theme/boxe/css/bootstrap.min.css+animate.css+owl.carousel.min.css+themify-icons.css+flaticon.css+slick.css+nice-select.css+all.css.pagespeed.cc.gblux_Qy10.css]
[preview.colorlib.com/theme/boxe/css/A.bootstrap.min.css+animate.css+owl.carousel.min.css+themify-icons.css+flaticon.css+slick.css+nice-select.css+all.css,Mcc.gblux_Qy10.css.pagespeed.cf.47OTYWuWQ7.css]
